<?xml version="1.0" encoding="UTF-8"?>
<!-- Generated by org.testng.reporters.JUnitXMLReporter -->
<testsuite ignored="3" hostname="Nayana" failures="0" tests="1" name="edgetest" time="3.676" errors="0" timestamp="2025-04-06T17:21:26 IST">
  <testcase classname="com.obsqura.rmart_supermarket.testscript.LoginPageTest" name="validUsernameAndPassword" time="0.594"/>
  <testcase classname="com.obsqura.rmart_supermarket.testscript.LoginPageTest" name="ValidUsernameAndInvalidPassword" time="0.0">
    <ignored/>
  </testcase> <!-- ValidUsernameAndInvalidPassword -->
  <testcase classname="com.obsqura.rmart_supermarket.testscript.LoginPageTest" name="InvaliedUsernameAndValidPAssword" time="0.0">
    <ignored/>
  </testcase> <!-- InvaliedUsernameAndValidPAssword -->
  <testcase classname="com.obsqura.rmart_supermarket.testscript.LoginPageTest" name="InvalidUsernameAndPassword" time="0.0">
    <ignored/>
  </testcase> <!-- InvalidUsernameAndPassword -->
</testsuite> <!-- edgetest -->
