<?xml version="1.0" encoding="UTF-8"?>
<!-- Generated by org.testng.reporters.JUnitXMLReporter -->
<testsuite ignored="2" hostname="Nayana" failures="1" tests="2" name="grouping" time="5.78" errors="0" timestamp="2025-04-03T21:35:58 IST">
  <testcase classname="com.obsqura.rmart_supermarket.testscript.LoginPageTest" name="InvalidUsernameAndPassword" time="0.919"/>
  <testcase classname="com.obsqura.rmart_supermarket.testscript.LoginPageTest" name="validUsernameAndPassword" time="0.56">
    <failure type="java.lang.AssertionError" message="Login failed expected [Dashboard | 7rmart supermarket] but found [Login | 7rmart supermarket]">
      <![CDATA[java.lang.AssertionError: Login failed expected [Dashboard | 7rmart supermarket] but found [Login | 7rmart supermarket]
at com.obsqura.rmart_supermarket.testscript.LoginPageTest.validUsernameAndPassword(LoginPageTest.java:31)
at java.base/java.util.ArrayList.forEach(ArrayList.java:1597)
... Removed 30 stack frames]]>
    </failure>
  </testcase> <!-- validUsernameAndPassword -->
  <testcase classname="com.obsqura.rmart_supermarket.testscript.LoginPageTest" name="ValidUsernameAndInvalidPassword" time="0.0">
    <ignored/>
  </testcase> <!-- ValidUsernameAndInvalidPassword -->
  <testcase classname="com.obsqura.rmart_supermarket.testscript.LoginPageTest" name="InvaliedUsernameAndValidPAssword" time="0.0">
    <ignored/>
  </testcase> <!-- InvaliedUsernameAndValidPAssword -->
</testsuite> <!-- grouping -->
