<?xml version="1.0" encoding="UTF-8"?>
<!-- Generated by org.testng.reporters.JUnitXMLReporter -->
<testsuite ignored="0" hostname="Nayana" failures="0" tests="3" name="Test" time="8.233" errors="0" timestamp="2025-03-21T06:24:48 IST">
  <testcase classname="com.obsqura.rmart_supermarket.testscript.LoginPageTest" name="InvalidUsernameAndPassword" time="0.309"/>
  <testcase classname="com.obsqura.rmart_supermarket.testscript.LoginPageTest" name="ValidUsernameAndInvalidPassword" time="0.169"/>
  <testcase classname="com.obsqura.rmart_supermarket.testscript.LoginPageTest" name="validUsernameAndPassword" time="1.04"/>
</testsuite> <!-- Test -->
