<?xml version="1.0" encoding="UTF-8"?>
<!-- Generated by org.testng.reporters.JUnitXMLReporter -->
<testsuite ignored="3" hostname="Nayana" failures="1" tests="1" name="edgetest" time="4.058" errors="0" timestamp="2025-04-06T17:21:41 IST">
  <testcase classname="com.obsqura.rmart_supermarket.testscript.LoginPageTest" name="validUsernameAndPassword" time="0.129">
    <failure type="java.io.IOException" message="Truncated ZIP file">
      <![CDATA[java.io.IOException: Truncated ZIP file
at org.apache.commons.compress.archivers.zip.ZipArchiveInputStream.readDeflated(ZipArchiveInputStream.java:560)
at org.apache.commons.compress.archivers.zip.ZipArchiveInputStream.read(ZipArchiveInputStream.java:458)
at java.base/java.io.FilterInputStream.read(FilterInputStream.java:132)
at org.apache.poi.openxml4j.util.ZipArchiveThresholdInputStream.read(ZipArchiveThresholdInputStream.java:80)
at org.apache.poi.util.IOUtils.toByteArray(IOUtils.java:182)
at org.apache.poi.util.IOUtils.toByteArray(IOUtils.java:149)
at org.apache.poi.openxml4j.util.ZipArchiveFakeEntry.<init>(ZipArchiveFakeEntry.java:47)
at org.apache.poi.openxml4j.util.ZipInputStreamZipEntrySource.<init>(ZipInputStreamZipEntrySource.java:53)
at org.apache.poi.openxml4j.opc.ZipPackage.<init>(ZipPackage.java:106)
at org.apache.poi.openxml4j.opc.OPCPackage.open(OPCPackage.java:307)
at org.apache.poi.ooxml.util.PackageHelper.open(PackageHelper.java:47)
at org.apache.poi.xssf.usermodel.XSSFWorkbook.<init>(XSSFWorkbook.java:309)
at com.obsqura.rmart_supermarket.Utilities.ExelUtility.readName(ExelUtility.java:20)
at com.obsqura.rmart_supermarket.testscript.LoginPageTest.validUsernameAndPassword(LoginPageTest.java:22)
at java.base/java.util.ArrayList.forEach(ArrayList.java:1511)
at java.base/java.util.concurrent.FutureTask.run(FutureTask.java:264)
at java.base/java.util.concurrent.ThreadPoolExecutor.runWorker(ThreadPoolExecutor.java:1136)
at java.base/java.util.concurrent.ThreadPoolExecutor$Worker.run(ThreadPoolExecutor.java:635)
at java.base/java.lang.Thread.run(Thread.java:842)
... Removed 18 stack frames]]>
    </failure>
  </testcase> <!-- validUsernameAndPassword -->
  <testcase classname="com.obsqura.rmart_supermarket.testscript.LoginPageTest" name="ValidUsernameAndInvalidPassword" time="0.0">
    <ignored/>
  </testcase> <!-- ValidUsernameAndInvalidPassword -->
  <testcase classname="com.obsqura.rmart_supermarket.testscript.LoginPageTest" name="InvaliedUsernameAndValidPAssword" time="0.0">
    <ignored/>
  </testcase> <!-- InvaliedUsernameAndValidPAssword -->
  <testcase classname="com.obsqura.rmart_supermarket.testscript.LoginPageTest" name="InvalidUsernameAndPassword" time="0.0">
    <ignored/>
  </testcase> <!-- InvalidUsernameAndPassword -->
</testsuite> <!-- edgetest -->
