<?xml version="1.0" encoding="UTF-8"?>
<!-- Generated by org.testng.reporters.JUnitXMLReporter -->
<testsuite ignored="0" hostname="Nayana" failures="0" tests="2" name="Default test" time="10.664" errors="0" timestamp="2025-04-02T14:46:19 IST">
  <testcase classname="com.obsqura.rmart_supermarket.testscript.CategoryPageTest" name="verifythatUserCanCreateNewCategory" time="3.843">
    <skipped/>
  </testcase> <!-- verifythatUserCanCreateNewCategory -->
  <testcase classname="com.obsqura.rmart_supermarket.testscript.CategoryPageTest" name="verifythatUserCanCreateNewCategory" time="2.861"/>
</testsuite> <!-- Default test -->
