<?xml version="1.0" encoding="UTF-8"?>
<!-- Generated by org.testng.reporters.JUnitXMLReporter -->
<testsuite ignored="0" hostname="Nayana" failures="0" tests="2" name="chrometest" time="9.064" errors="0" timestamp="2025-04-03T22:08:19 IST">
  <testcase classname="com.obsqura.rmart_supermarket.testscript.ManageNewsPageTest" name="verifyThatUserIsAbleToCreateNews" time="2.296"/>
  <testcase classname="com.obsqura.rmart_supermarket.testscript.ManageFooterTextPageTest" name="verifyWhetherUserAbleToEditFooterdata" time="1.631"/>
</testsuite> <!-- chrometest -->
